<?xml version="1.0" encoding="UTF-8"?>
<testng-results skipped="0" failed="0" ignored="0" total="1" passed="1">
  <reporter-output>
  </reporter-output>
  <suite name="Default suite" duration-ms="74500" started-at="2022-12-26T11:33:30 IST" finished-at="2022-12-26T11:34:45 IST">
    <groups>
    </groups>
    <test name="Default test" duration-ms="74500" started-at="2022-12-26T11:33:30 IST" finished-at="2022-12-26T11:34:45 IST">
      <class name="SkyVillTestDemo.HomePage">
        <test-method status="PASS" signature="HomepageVerify()[pri:0, instance:SkyVillTestDemo.HomePage@1a3869f4]" name="HomepageVerify" duration-ms="74372" started-at="2022-12-26T11:33:31 IST" finished-at="2022-12-26T11:34:45 IST">
          <reporter-output>
          </reporter-output>
        </test-method> <!-- HomepageVerify -->
      </class> <!-- SkyVillTestDemo.HomePage -->
    </test> <!-- Default test -->
  </suite> <!-- Default suite -->
</testng-results>
